[debug] [2025-07-04T13:09:16.118Z] ----------------------------------------------------------------------
[debug] [2025-07-04T13:09:16.121Z] Command:       C:\nvm4w\nodejs\node.exe C:\Users\sujay babu\AppData\Roaming\npm\node_modules\firebase-tools\lib\bin\firebase.js init functions
[debug] [2025-07-04T13:09:16.121Z] CLI Version:   14.9.0
[debug] [2025-07-04T13:09:16.121Z] Platform:      win32
[debug] [2025-07-04T13:09:16.121Z] Node Version:  v20.19.3
[debug] [2025-07-04T13:09:16.122Z] Time:          Fri Jul 04 2025 18:39:16 GMT+0530 (India Standard Time)
[debug] [2025-07-04T13:09:16.122Z] ----------------------------------------------------------------------
[debug] 
[debug] [2025-07-04T13:09:16.397Z] > command requires scopes: ["email","openid","https://www.googleapis.com/auth/cloudplatformprojects.readonly","https://www.googleapis.com/auth/firebase","https://www.googleapis.com/auth/cloud-platform"]
[debug] [2025-07-04T13:09:16.397Z] > authorizing via signed-in user (sujayss149@gmail.com)
[info] 
     ######## #### ########  ######## ########     ###     ######  ########
     ##        ##  ##     ## ##       ##     ##  ##   ##  ##       ##
     ######    ##  ########  ######   ########  #########  ######  ######
     ##        ##  ##    ##  ##       ##     ## ##     ##       ## ##
     ##       #### ##     ## ######## ########  ##     ##  ######  ########

You're about to initialize a Firebase project in this directory:

  C:\Users\sujay babu\Desktop\MEDIBOT_REM

Before we get started, keep in mind:

  * You are initializing within an existing Firebase project directory

[info] 
=== Project Setup
[info] 
[info] First, let's associate this project directory with a Firebase project.
[info] You can create multiple project aliases by running firebase use --add, 
[info] but for now we'll just set up a default project.
[info] 
[debug] [2025-07-04T13:09:20.311Z] Using project from CLI flag: medibot-457514
[debug] [2025-07-04T13:09:20.314Z] Checked if tokens are valid: true, expires at: 1751637988971
[debug] [2025-07-04T13:09:20.315Z] Checked if tokens are valid: true, expires at: 1751637988971
[debug] [2025-07-04T13:09:20.318Z] >>> [apiv2][query] GET https://firebase.googleapis.com/v1beta1/projects/medibot-457514 [none]
[debug] [2025-07-04T13:09:21.328Z] <<< [apiv2][status] GET https://firebase.googleapis.com/v1beta1/projects/medibot-457514 200
[debug] [2025-07-04T13:09:21.329Z] <<< [apiv2][body] GET https://firebase.googleapis.com/v1beta1/projects/medibot-457514 {"projectId":"medibot-457514","projectNumber":"806828516267","displayName":"Medibot","name":"projects/medibot-457514","resources":{"hostingSite":"medibot-457514","realtimeDatabaseInstance":"medibot-457514-default-rtdb"},"state":"ACTIVE","etag":"1_fdbb3e39-7f82-459d-98e5-bae8f0b16088"}
[info] i  Using project medibot-457514 (Medibot) 
[info] 
=== Functions Setup
[debug] [2025-07-04T13:09:21.336Z] > command requires scopes: ["email","openid","https://www.googleapis.com/auth/cloudplatformprojects.readonly","https://www.googleapis.com/auth/firebase","https://www.googleapis.com/auth/cloud-platform"]
[debug] [2025-07-04T13:09:21.336Z] > authorizing via signed-in user (sujayss149@gmail.com)
[debug] [2025-07-04T13:09:21.336Z] [iam] checking project medibot-457514 for permissions ["firebase.projects.get"]
[debug] [2025-07-04T13:09:21.337Z] Checked if tokens are valid: true, expires at: 1751637988971
[debug] [2025-07-04T13:09:21.337Z] Checked if tokens are valid: true, expires at: 1751637988971
[debug] [2025-07-04T13:09:21.338Z] >>> [apiv2][query] POST https://cloudresourcemanager.googleapis.com/v1/projects/medibot-457514:testIamPermissions [none]
[debug] [2025-07-04T13:09:21.338Z] >>> [apiv2][(partial)header] POST https://cloudresourcemanager.googleapis.com/v1/projects/medibot-457514:testIamPermissions x-goog-quota-user=projects/medibot-457514
[debug] [2025-07-04T13:09:21.338Z] >>> [apiv2][body] POST https://cloudresourcemanager.googleapis.com/v1/projects/medibot-457514:testIamPermissions {"permissions":["firebase.projects.get"]}
[debug] [2025-07-04T13:09:21.966Z] <<< [apiv2][status] POST https://cloudresourcemanager.googleapis.com/v1/projects/medibot-457514:testIamPermissions 200
[debug] [2025-07-04T13:09:21.966Z] <<< [apiv2][body] POST https://cloudresourcemanager.googleapis.com/v1/projects/medibot-457514:testIamPermissions {"permissions":["firebase.projects.get"]}
[info] 
Detected existing codebase(s): default

[info] Let's create a new codebase for your functions.
[info] A directory corresponding to the codebase will be created in your project
[info] with sample code pre-configured.

[info] See https://firebase.google.com/docs/functions/organize-functions for
[info] more information on organizing your functions using codebases.

[info] Functions can be deployed with firebase deploy.

[debug] [2025-07-04T13:09:32.737Z] ExitPromptError: User force closed the prompt with SIGINT
    at Interface.sigint (C:\Users\sujay babu\AppData\Roaming\npm\node_modules\firebase-tools\node_modules\@inquirer\core\dist\commonjs\lib\create-prompt.js:101:37)
    at Interface.emit (node:events:524:28)
    at Interface.emit (node:domain:489:12)
    at [_ttyWrite] [as _ttyWrite] (node:internal/readline/interface:1125:18)
    at ReadStream.onkeypress (node:internal/readline/interface:264:20)
    at ReadStream.emit (node:events:536:35)
    at ReadStream.emit (node:domain:489:12)
    at emitKeys (node:internal/readline/utils:371:14)
    at emitKeys.next (<anonymous>)
    at ReadStream.onData (node:internal/readline/emitKeypressEvents:64:36)
[error] 
[error] Error: An unexpected error has occurred.
